------------------------------------------------------------------------------------------------------------------------

[2019-02-04 16:56:33 #1 store] 
Database 'C:\Users\Tomas\eclipse-workspace\BetAndRuin\resources\db\bets.odb' is opened by 12084@DESKTOP-7ETGTBC

[2019-02-04 16:56:33 #2 type.registry] 
New type domain.Question

[2019-02-04 16:56:33 #3 type] 
Type domain.Question is not enhanced.

[2019-02-04 16:56:33 #4 type.registry] 
New type domain.Event

[2019-02-04 16:56:33 #5 type] 
Type domain.Event is not enhanced.

[2019-02-04 16:56:34 #6 type.registry] 
New type java.util.Vector<domain.Question>

[2019-02-04 16:56:34 #7 type.registry] 
New type java.util.Vector<java.lang.Object>

------------------------------------------------------------------------------------------------------------------------

[2019-02-04 16:57:22 #1 store] 
Database 'C:\Users\Tomas\eclipse-workspace\BetAndRuin\resources\db\bets.odb' has been recovered (tr. 1-6)

[2019-02-04 16:57:22 #2 store] 
Database 'C:\Users\Tomas\eclipse-workspace\BetAndRuin\resources\db\bets.odb' is opened by 12840@DESKTOP-7ETGTBC

[2019-02-04 16:57:22 #3 type] 
Type domain.Question is not enhanced.

[2019-02-04 16:57:22 #4 type] 
Type domain.Event is not enhanced.

------------------------------------------------------------------------------------------------------------------------

[2019-02-04 16:58:04 #1 store] 
Database 'C:\Users\Tomas\eclipse-workspace\BetAndRuin\resources\db\bets.odb' is opened by 5664@DESKTOP-7ETGTBC

[2019-02-04 16:58:04 #2 type] 
Type domain.Question is not enhanced.

[2019-02-04 16:58:04 #3 type] 
Type domain.Event is not enhanced.

