------------------------------------------------------------------------------------------------------------------------

[2019-02-28 06:44:23 #1 store] 
Database 'C:\Users\qatzx\git\ATGrepo\BetAndRuin\resources\db\bets.odb' is opened by 3644@LAPTOP-ACER

------------------------------------------------------------------------------------------------------------------------

[2019-02-28 06:44:41 #1 store] 
Database 'C:\Users\qatzx\git\ATGrepo\BetAndRuin\resources\db\bets.odb' has been recovered (tr. 1-2)

[2019-02-28 06:44:41 #2 store] 
Database 'C:\Users\qatzx\git\ATGrepo\BetAndRuin\resources\db\bets.odb' is opened by 2168@LAPTOP-ACER

------------------------------------------------------------------------------------------------------------------------

[2019-02-28 06:45:19 #1 store] 
Database 'C:\Users\qatzx\git\ATGrepo\BetAndRuin\resources\db\bets.odb' is opened by 11900@LAPTOP-ACER

[2019-02-28 06:45:19 #2 type.registry] 
New type domain.Account

[2019-02-28 06:45:19 #3 type] 
Type domain.Account is not enhanced.

------------------------------------------------------------------------------------------------------------------------

[2019-02-28 13:15:24 #1 store] 
Database 'C:\Users\qatzx\git\ATGrepo\BetAndRuin\resources\db\bets.odb' is opened by 3548@LAPTOP-ACER

[2019-02-28 13:15:24 #2 type] 
Type domain.Account is not enhanced.

------------------------------------------------------------------------------------------------------------------------

[2019-02-28 13:20:10 #1 store] 
Database 'C:\Users\qatzx\git\ATGrepo\BetAndRuin\resources\db\bets.odb' is opened by 4384@LAPTOP-ACER

[2019-02-28 13:20:10 #2 type] 
Type domain.Account is not enhanced.

------------------------------------------------------------------------------------------------------------------------

[2019-02-28 13:20:31 #1 store] 
Database 'C:\Users\qatzx\git\ATGrepo\BetAndRuin\resources\db\bets.odb' is opened by 1368@LAPTOP-ACER

[2019-02-28 13:20:31 #2 type] 
Type domain.Account is not enhanced.

------------------------------------------------------------------------------------------------------------------------

[2019-02-28 13:23:09 #1 store] 
Database 'C:\Users\qatzx\git\ATGrepo\BetAndRuin\resources\db\bets.odb' is opened by 9488@LAPTOP-ACER

[2019-02-28 13:23:10 #2 type] 
Type domain.Account is not enhanced.

------------------------------------------------------------------------------------------------------------------------

[2019-02-28 13:23:38 #1 store] 
Database 'C:\Users\qatzx\git\ATGrepo\BetAndRuin\resources\db\bets.odb' has been recovered (tr. 10-10)

[2019-02-28 13:23:38 #2 store] 
Database 'C:\Users\qatzx\git\ATGrepo\BetAndRuin\resources\db\bets.odb' is opened by 9500@LAPTOP-ACER

[2019-02-28 13:23:38 #3 type] 
Type domain.Account is not enhanced.

------------------------------------------------------------------------------------------------------------------------

[2019-02-28 13:30:14 #1 store] 
Database 'C:\Users\qatzx\git\ATGrepo\BetAndRuin\resources\db\bets.odb' has been recovered (tr. 11-11)

[2019-02-28 13:30:14 #2 store] 
Database 'C:\Users\qatzx\git\ATGrepo\BetAndRuin\resources\db\bets.odb' is opened by 960@LAPTOP-ACER

[2019-02-28 13:30:15 #3 type] 
Type domain.Account is not enhanced.

------------------------------------------------------------------------------------------------------------------------

[2019-02-28 13:30:51 #1 store] 
Database 'C:\Users\qatzx\git\ATGrepo\BetAndRuin\resources\db\bets.odb' has been recovered (tr. 12-12)

[2019-02-28 13:30:52 #2 store] 
Database 'C:\Users\qatzx\git\ATGrepo\BetAndRuin\resources\db\bets.odb' is opened by 6932@LAPTOP-ACER

[2019-02-28 13:30:52 #3 type] 
Type domain.Account is not enhanced.

------------------------------------------------------------------------------------------------------------------------

[2019-02-28 13:31:45 #1 store] 
Database 'C:\Users\qatzx\git\ATGrepo\BetAndRuin\resources\db\bets.odb' has been recovered (tr. 13-13)

[2019-02-28 13:31:45 #2 store] 
Database 'C:\Users\qatzx\git\ATGrepo\BetAndRuin\resources\db\bets.odb' is opened by 10352@LAPTOP-ACER

[2019-02-28 13:31:45 #3 type] 
Type domain.Account is not enhanced.

------------------------------------------------------------------------------------------------------------------------

[2019-02-28 13:32:13 #1 store] 
Database 'C:\Users\qatzx\git\ATGrepo\BetAndRuin\resources\db\bets.odb' is opened by 9144@LAPTOP-ACER

[2019-02-28 13:32:13 #2 type] 
Type domain.Account is not enhanced.

------------------------------------------------------------------------------------------------------------------------

[2019-02-28 13:33:16 #1 store] 
Database 'C:\Users\qatzx\git\ATGrepo\BetAndRuin\resources\db\bets.odb' is opened by 1468@LAPTOP-ACER

[2019-02-28 13:33:16 #2 type] 
Type domain.Account is not enhanced.

------------------------------------------------------------------------------------------------------------------------

[2019-02-28 13:33:37 #1 store] 
Database 'C:\Users\qatzx\git\ATGrepo\BetAndRuin\resources\db\bets.odb' is opened by 1348@LAPTOP-ACER

[2019-02-28 13:33:37 #2 type] 
Type domain.Account is not enhanced.

------------------------------------------------------------------------------------------------------------------------

[2019-02-28 13:34:58 #1 store] 
Database 'C:\Users\qatzx\git\ATGrepo\BetAndRuin\resources\db\bets.odb' is opened by 11852@LAPTOP-ACER

[2019-02-28 13:34:58 #2 type] 
Type domain.Account is not enhanced.

------------------------------------------------------------------------------------------------------------------------

[2019-02-28 13:35:31 #1 store] 
Database 'C:\Users\qatzx\git\ATGrepo\BetAndRuin\resources\db\bets.odb' is opened by 2644@LAPTOP-ACER

[2019-02-28 13:35:31 #2 type] 
Type domain.Account is not enhanced.

------------------------------------------------------------------------------------------------------------------------

[2019-02-28 13:36:05 #1 store] 
Database 'C:\Users\qatzx\git\ATGrepo\BetAndRuin\resources\db\bets.odb' is opened by 5280@LAPTOP-ACER

[2019-02-28 13:36:05 #2 type] 
Type domain.Account is not enhanced.

------------------------------------------------------------------------------------------------------------------------

[2019-02-28 13:40:42 #1 store] 
Database 'C:\Users\qatzx\git\ATGrepo\BetAndRuin\resources\db\bets.odb' is opened by 5032@LAPTOP-ACER

[2019-02-28 13:40:43 #2 type] 
Type domain.Account is not enhanced.

------------------------------------------------------------------------------------------------------------------------

[2019-02-28 13:41:01 #1 store] 
Database 'C:\Users\qatzx\git\ATGrepo\BetAndRuin\resources\db\bets.odb' is opened by 9684@LAPTOP-ACER

[2019-02-28 13:41:01 #2 type] 
Type domain.Account is not enhanced.

------------------------------------------------------------------------------------------------------------------------

[2019-02-28 13:41:35 #1 store] 
Database 'C:\Users\qatzx\git\ATGrepo\BetAndRuin\resources\db\bets.odb' is opened by 5456@LAPTOP-ACER

[2019-02-28 13:41:35 #2 type] 
Type domain.Account is not enhanced.

------------------------------------------------------------------------------------------------------------------------

[2019-02-28 13:42:25 #1 store] 
Database 'C:\Users\qatzx\git\ATGrepo\BetAndRuin\resources\db\bets.odb' is opened by 6492@LAPTOP-ACER

[2019-02-28 13:42:25 #2 type] 
Type domain.Account is not enhanced.

------------------------------------------------------------------------------------------------------------------------

[2019-02-28 13:43:21 #1 store] 
Database 'C:\Users\qatzx\git\ATGrepo\BetAndRuin\resources\db\bets.odb' is opened by 10796@LAPTOP-ACER

[2019-02-28 13:43:21 #2 type] 
Type domain.Account is not enhanced.

------------------------------------------------------------------------------------------------------------------------

[2019-02-28 13:43:34 #1 store] 
Database 'C:\Users\qatzx\git\ATGrepo\BetAndRuin\resources\db\bets.odb' is opened by 11420@LAPTOP-ACER

[2019-02-28 13:43:35 #2 type] 
Type domain.Account is not enhanced.

------------------------------------------------------------------------------------------------------------------------

[2019-02-28 13:43:41 #1 store] 
Database 'C:\Users\qatzx\git\ATGrepo\BetAndRuin\resources\db\bets.odb' is opened by 11460@LAPTOP-ACER

[2019-02-28 13:43:41 #2 type] 
Type domain.Account is not enhanced.

------------------------------------------------------------------------------------------------------------------------

[2019-02-28 13:43:49 #1 store] 
Database 'C:\Users\qatzx\git\ATGrepo\BetAndRuin\resources\db\bets.odb' is opened by 2456@LAPTOP-ACER

[2019-02-28 13:43:49 #2 type] 
Type domain.Account is not enhanced.

------------------------------------------------------------------------------------------------------------------------

[2019-02-28 18:49:52 #1 store] 
Database 'C:\Users\qatzx\git\ATGrepo\BetAndRuin\resources\db\bets.odb' is opened by 11624@LAPTOP-ACER

[2019-02-28 18:49:52 #2 type] 
Type domain.Account is not enhanced.

------------------------------------------------------------------------------------------------------------------------

[2019-02-28 18:54:49 #1 store] 
Database 'C:\Users\qatzx\git\ATGrepo\BetAndRuin\resources\db\bets.odb' is opened by 3280@LAPTOP-ACER

[2019-02-28 18:54:49 #2 type] 
Type domain.Account is not enhanced.

------------------------------------------------------------------------------------------------------------------------

[2019-02-28 18:55:02 #1 store] 
Database 'C:\Users\qatzx\git\ATGrepo\BetAndRuin\resources\db\bets.odb' is opened by 9152@LAPTOP-ACER

[2019-02-28 18:55:02 #2 type] 
Type domain.Account is not enhanced.

------------------------------------------------------------------------------------------------------------------------

[2019-02-28 18:55:26 #1 store] 
Database 'C:\Users\qatzx\git\ATGrepo\BetAndRuin\resources\db\bets.odb' is opened by 12152@LAPTOP-ACER

[2019-02-28 18:55:26 #2 type] 
Type domain.Account is not enhanced.

------------------------------------------------------------------------------------------------------------------------

[2019-02-28 21:40:44 #1 store] 
Database 'C:\Users\qatzx\git\ATGrepo\BetAndRuin\resources\db\bets.odb' is opened by 324@LAPTOP-ACER

[2019-02-28 21:40:44 #2 type] 
Type domain.Account is not enhanced.

------------------------------------------------------------------------------------------------------------------------

[2019-02-28 21:43:49 #1 store] 
Database 'C:\Users\qatzx\git\ATGrepo\BetAndRuin\resources\db\bets.odb' is opened by 10396@LAPTOP-ACER

[2019-02-28 21:43:49 #2 type] 
Type domain.Account is not enhanced.

------------------------------------------------------------------------------------------------------------------------

[2019-02-28 21:44:17 #1 store] 
Database 'C:\Users\qatzx\git\ATGrepo\BetAndRuin\resources\db\bets.odb' is opened by 12404@LAPTOP-ACER

[2019-02-28 21:44:17 #2 type] 
Type domain.Account is not enhanced.

------------------------------------------------------------------------------------------------------------------------

[2019-02-28 21:44:33 #1 store] 
Database 'C:\Users\qatzx\git\ATGrepo\BetAndRuin\resources\db\bets.odb' is opened by 9200@LAPTOP-ACER

[2019-02-28 21:44:33 #2 type] 
Type domain.Account is not enhanced.

------------------------------------------------------------------------------------------------------------------------

[2019-02-28 21:44:47 #1 store] 
Database 'C:\Users\qatzx\git\ATGrepo\BetAndRuin\resources\db\bets.odb' is opened by 7376@LAPTOP-ACER

[2019-02-28 21:44:47 #2 type] 
Type domain.Account is not enhanced.

------------------------------------------------------------------------------------------------------------------------

[2019-02-28 21:45:29 #1 store] 
Database 'C:\Users\qatzx\git\ATGrepo\BetAndRuin\resources\db\bets.odb' is opened by 11744@LAPTOP-ACER

[2019-02-28 21:45:29 #2 type] 
Type domain.Account is not enhanced.

------------------------------------------------------------------------------------------------------------------------

[2019-02-28 21:45:56 #1 store] 
Database 'C:\Users\qatzx\git\ATGrepo\BetAndRuin\resources\db\bets.odb' is opened by 7280@LAPTOP-ACER

[2019-02-28 21:45:56 #2 type] 
Type domain.Account is not enhanced.

------------------------------------------------------------------------------------------------------------------------

[2019-02-28 21:46:20 #1 store] 
Database 'C:\Users\qatzx\git\ATGrepo\BetAndRuin\resources\db\bets.odb' is opened by 2956@LAPTOP-ACER

[2019-02-28 21:46:20 #2 type] 
Type domain.Account is not enhanced.

------------------------------------------------------------------------------------------------------------------------

[2019-02-28 21:48:49 #1 store] 
Database 'C:\Users\qatzx\git\ATGrepo\BetAndRuin\resources\db\bets.odb' is opened by 9396@LAPTOP-ACER

[2019-02-28 21:48:49 #2 type] 
Type domain.Account is not enhanced.

------------------------------------------------------------------------------------------------------------------------

[2019-02-28 21:49:09 #1 store] 
Database 'C:\Users\qatzx\git\ATGrepo\BetAndRuin\resources\db\bets.odb' is opened by 9664@LAPTOP-ACER

[2019-02-28 21:49:09 #2 type] 
Type domain.Account is not enhanced.

------------------------------------------------------------------------------------------------------------------------

[2019-02-28 21:50:26 #1 store] 
Database 'C:\Users\qatzx\git\ATGrepo\BetAndRuin\resources\db\bets.odb' is opened by 12960@LAPTOP-ACER

[2019-02-28 21:50:27 #2 type] 
Type domain.Account is not enhanced.

------------------------------------------------------------------------------------------------------------------------

[2019-02-28 21:51:52 #1 store] 
Database 'C:\Users\qatzx\git\ATGrepo\BetAndRuin\resources\db\bets.odb' is opened by 4600@LAPTOP-ACER

[2019-02-28 21:51:52 #2 type] 
Type domain.Account is not enhanced.

------------------------------------------------------------------------------------------------------------------------

[2019-02-28 21:52:05 #1 store] 
Database 'C:\Users\qatzx\git\ATGrepo\BetAndRuin\resources\db\bets.odb' is opened by 11660@LAPTOP-ACER

[2019-02-28 21:52:05 #2 type] 
Type domain.Account is not enhanced.

------------------------------------------------------------------------------------------------------------------------

[2019-02-28 21:52:38 #1 store] 
Database 'C:\Users\qatzx\git\ATGrepo\BetAndRuin\resources\db\bets.odb' is opened by 452@LAPTOP-ACER

[2019-02-28 21:52:39 #2 type] 
Type domain.Account is not enhanced.

------------------------------------------------------------------------------------------------------------------------

[2019-02-28 21:52:58 #1 store] 
Database 'C:\Users\qatzx\git\ATGrepo\BetAndRuin\resources\db\bets.odb' is opened by 10064@LAPTOP-ACER

[2019-02-28 21:52:58 #2 type] 
Type domain.Account is not enhanced.

------------------------------------------------------------------------------------------------------------------------

[2019-02-28 21:56:26 #1 store] 
Database 'C:\Users\qatzx\git\ATGrepo\BetAndRuin\resources\db\bets.odb' is opened by 11204@LAPTOP-ACER

[2019-02-28 21:56:26 #2 type] 
Type domain.Account is not enhanced.

------------------------------------------------------------------------------------------------------------------------

[2019-02-28 21:57:29 #1 store] 
Database 'C:\Users\qatzx\git\ATGrepo\BetAndRuin\resources\db\bets.odb' is opened by 4444@LAPTOP-ACER

[2019-02-28 21:57:29 #2 type] 
Type domain.Account is not enhanced.

------------------------------------------------------------------------------------------------------------------------

[2019-02-28 21:58:02 #1 store] 
Database 'C:\Users\qatzx\git\ATGrepo\BetAndRuin\resources\db\bets.odb' is opened by 8408@LAPTOP-ACER

[2019-02-28 21:58:02 #2 type] 
Type domain.Account is not enhanced.

------------------------------------------------------------------------------------------------------------------------

[2019-02-28 21:58:22 #1 store] 
Database 'C:\Users\qatzx\git\ATGrepo\BetAndRuin\resources\db\bets.odb' is opened by 6808@LAPTOP-ACER

[2019-02-28 21:58:22 #2 type] 
Type domain.Account is not enhanced.

------------------------------------------------------------------------------------------------------------------------

[2019-02-28 22:01:27 #1 store] 
Database 'C:\Users\qatzx\git\ATGrepo\BetAndRuin\resources\db\bets.odb' is opened by 164@LAPTOP-ACER

[2019-02-28 22:01:27 #2 type] 
Type domain.Account is not enhanced.

------------------------------------------------------------------------------------------------------------------------

[2019-02-28 22:11:22 #1 store] 
Database 'C:\Users\qatzx\git\ATGrepo\BetAndRuin\resources\db\bets.odb' is opened by 224@LAPTOP-ACER

[2019-02-28 22:11:22 #2 type] 
Type domain.Account is not enhanced.

------------------------------------------------------------------------------------------------------------------------

[2019-02-28 22:12:15 #1 store] 
Database 'C:\Users\qatzx\git\ATGrepo\BetAndRuin\resources\db\bets.odb' is opened by 2612@LAPTOP-ACER

[2019-02-28 22:12:15 #2 type] 
Type domain.Account is not enhanced.

------------------------------------------------------------------------------------------------------------------------

[2019-02-28 22:12:56 #1 store] 
Database 'C:\Users\qatzx\git\ATGrepo\BetAndRuin\resources\db\bets.odb' is opened by 13028@LAPTOP-ACER

[2019-02-28 22:12:56 #2 type] 
Type domain.Account is not enhanced.

------------------------------------------------------------------------------------------------------------------------

[2019-02-28 22:13:04 #1 store] 
Database 'C:\Users\qatzx\git\ATGrepo\BetAndRuin\resources\db\bets.odb' is opened by 3332@LAPTOP-ACER

[2019-02-28 22:13:05 #2 type] 
Type domain.Account is not enhanced.

------------------------------------------------------------------------------------------------------------------------

[2019-02-28 22:29:58 #1 store] 
Database 'C:\Users\qatzx\git\ATGrepo\BetAndRuin\resources\db\bets.odb' is opened by 3668@LAPTOP-ACER

[2019-02-28 22:29:58 #2 type] 
Type domain.Account is not enhanced.

------------------------------------------------------------------------------------------------------------------------

[2019-02-28 22:30:30 #1 store] 
Database 'C:\Users\qatzx\git\ATGrepo\BetAndRuin\resources\db\bets.odb' is opened by 10916@LAPTOP-ACER

[2019-02-28 22:30:30 #2 type] 
Type domain.Account is not enhanced.

------------------------------------------------------------------------------------------------------------------------

[2019-02-28 22:31:36 #1 store] 
Database 'C:\Users\qatzx\git\ATGrepo\BetAndRuin\resources\db\bets.odb' is opened by 4788@LAPTOP-ACER

[2019-02-28 22:31:37 #2 type] 
Type domain.Account is not enhanced.

------------------------------------------------------------------------------------------------------------------------

[2019-02-28 22:31:43 #1 store] 
Database 'C:\Users\qatzx\git\ATGrepo\BetAndRuin\resources\db\bets.odb' is opened by 8364@LAPTOP-ACER

[2019-02-28 22:31:43 #2 type] 
Type domain.Account is not enhanced.

